<?xml version="1.0" encoding="UTF-8"?>
<!-- Generated by org.testng.reporters.JUnitReportReporter -->
<testsuite hostname="DESKTOP-0AAQTU0" failures="0" tests="1" name="test.EndToEndTest" time="1.580" errors="0" timestamp="11 Dec. 2022 05:41:09 GMT" skipped="0">
  <testcase classname="test.EndToEndTest" name="test" time="1.580"/>
</testsuite> <!-- test.EndToEndTest -->
