<?xml version="1.0" encoding="UTF-8"?>
<!-- Generated by org.testng.reporters.JUnitReportReporter -->
<testsuite hostname="Mahima-Dell" failures="0" tests="1" name="test.EndToEndTest" time="3.438" errors="0" timestamp="19 Dec 2022 17:47:11 GMT" skipped="0">
  <testcase classname="test.EndToEndTest" name="test" time="3.438"/>
</testsuite> <!-- test.EndToEndTest -->
