<?xml version="1.0" encoding="UTF-8"?>
<!-- Generated by org.testng.reporters.JUnitReportReporter -->
<testsuite hostname="DESKTOP-0AAQTU0" failures="0" tests="1" name="test.Phase3Test" time="0.805" errors="0" timestamp="11 Dec. 2022 04:22:47 GMT" skipped="0">
  <testcase classname="test.Phase3Test" name="test" time="0.805"/>
</testsuite> <!-- test.Phase3Test -->
